<?xml version="1.0" encoding="utf-8"?><testsuites name="pytest tests"><testsuite name="pytest" errors="0" failures="0" skipped="0" tests="7" time="2.463" timestamp="2026-04-05T15:14:10.581482+00:00" hostname="agent-env-87f11ccd-a2f2-4635-b059-c85ea0a78557"><testcase classname="backend.tests.test_brand_kit.TestPublicSettings" name="test_public_settings_returns_brand_colors" time="0.262" /><testcase classname="backend.tests.test_brand_kit.TestAuthenticatedSettings" name="test_get_settings_authenticated" time="0.412" /><testcase classname="backend.tests.test_brand_kit.TestAuthenticatedSettings" name="test_update_settings_requires_admin" time="0.434" /><testcase classname="backend.tests.test_brand_kit.TestDashboardStats" name="test_dashboard_stats_for_jams_club" time="0.392" /><testcase classname="backend.tests.test_brand_kit.TestClubs" name="test_get_clubs_returns_jams_club" time="0.377" /><testcase classname="backend.tests.test_brand_kit.TestAuth" name="test_login_with_admin_credentials" time="0.333" /><testcase classname="backend.tests.test_brand_kit.TestAuth" name="test_login_with_invalid_credentials" time="0.129" /></testsuite></testsuites>