<?xml version="1.0" encoding="utf-8"?><testsuites name="pytest tests"><testsuite name="pytest" errors="0" failures="0" skipped="0" tests="12" time="4.952" timestamp="2026-04-05T11:06:45.016160+00:00" hostname="agent-env-87f11ccd-a2f2-4635-b059-c85ea0a78557"><testcase classname="backend.tests.test_excel_import.TestExcelImportResults" name="test_01_login_flow" time="0.735" /><testcase classname="backend.tests.test_excel_import.TestExcelImportResults" name="test_02_get_all_members_count" time="0.429" /><testcase classname="backend.tests.test_excel_import.TestExcelImportResults" name="test_03_member_data_structure" time="0.393" /><testcase classname="backend.tests.test_excel_import.TestExcelImportResults" name="test_04_search_reese_hoban" time="0.371" /><testcase classname="backend.tests.test_excel_import.TestExcelImportResults" name="test_05_search_romano_parisi" time="0.389" /><testcase classname="backend.tests.test_excel_import.TestExcelImportResults" name="test_06_filter_active_members" time="0.376" /><testcase classname="backend.tests.test_excel_import.TestExcelImportResults" name="test_07_dashboard_stats" time="0.368" /><testcase classname="backend.tests.test_excel_import.TestExcelImportResults" name="test_08_get_specific_member_by_id" time="0.379" /><testcase classname="backend.tests.test_excel_import.TestExcelImportResults" name="test_09_leaderboard_shows_reese_first" time="0.391" /><testcase classname="backend.tests.test_excel_import.TestAuthFlow" name="test_login_success" time="0.320" /><testcase classname="backend.tests.test_excel_import.TestAuthFlow" name="test_login_invalid_credentials" time="0.319" /><testcase classname="backend.tests.test_excel_import.TestAuthFlow" name="test_auth_me_endpoint" time="0.402" /></testsuite></testsuites>