<?xml version="1.0" encoding="utf-8"?><testsuites name="pytest tests"><testsuite name="pytest" errors="0" failures="0" skipped="0" tests="12" time="5.138" timestamp="2026-04-05T14:46:16.523508+00:00" hostname="agent-env-87f11ccd-a2f2-4635-b059-c85ea0a78557"><testcase classname="backend.tests.test_multi_club.TestAuthWithClubs" name="test_auth_me_returns_is_super_admin" time="0.485" /><testcase classname="backend.tests.test_multi_club.TestAuthWithClubs" name="test_auth_me_returns_clubs_array" time="0.375" /><testcase classname="backend.tests.test_multi_club.TestClubsCRUD" name="test_get_clubs_returns_jams_club" time="0.382" /><testcase classname="backend.tests.test_multi_club.TestClubsCRUD" name="test_create_club_admin_only" time="0.442" /><testcase classname="backend.tests.test_multi_club.TestClubsCRUD" name="test_update_club" time="0.513" /><testcase classname="backend.tests.test_multi_club.TestClubsCRUD" name="test_delete_club_fails_with_members" time="0.377" /><testcase classname="backend.tests.test_multi_club.TestMembersWithClub" name="test_get_members_with_club_filter" time="0.394" /><testcase classname="backend.tests.test_multi_club.TestMembersWithClub" name="test_members_have_club_fields" time="0.380" /><testcase classname="backend.tests.test_multi_club.TestDashboardWithClub" name="test_dashboard_stats_with_club_filter" time="0.375" /><testcase classname="backend.tests.test_multi_club.TestDashboardWithClub" name="test_leaderboard_with_club_filter" time="0.379" /><testcase classname="backend.tests.test_multi_club.TestTransactionsWithClub" name="test_create_transaction_with_club_id" time="0.457" /><testcase classname="backend.tests.test_multi_club.TestTransactionsWithClub" name="test_get_transactions_with_club_filter" time="0.398" /></testsuite></testsuites>