<?xml version="1.0" encoding="utf-8"?><testsuites name="pytest tests"><testsuite name="pytest" errors="0" failures="3" skipped="0" tests="31" time="11.983" timestamp="2026-04-05T15:38:34.110980+00:00" hostname="agent-env-87f11ccd-a2f2-4635-b059-c85ea0a78557"><testcase classname="backend.tests.test_brand_kit.TestPublicSettings" name="test_public_settings_returns_brand_colors" time="0.116" /><testcase classname="backend.tests.test_brand_kit.TestAuthenticatedSettings" name="test_get_settings_authenticated" time="0.396" /><testcase classname="backend.tests.test_brand_kit.TestAuthenticatedSettings" name="test_update_settings_requires_admin" time="0.476" /><testcase classname="backend.tests.test_brand_kit.TestDashboardStats" name="test_dashboard_stats_for_jams_club" time="0.371" /><testcase classname="backend.tests.test_brand_kit.TestClubs" name="test_get_clubs_returns_jams_club" time="0.420" /><testcase classname="backend.tests.test_brand_kit.TestAuth" name="test_login_with_admin_credentials" time="0.345" /><testcase classname="backend.tests.test_brand_kit.TestAuth" name="test_login_with_invalid_credentials" time="0.108" /><testcase classname="backend.tests.test_excel_import.TestExcelImportResults" name="test_01_login_flow" time="0.605" /><testcase classname="backend.tests.test_excel_import.TestExcelImportResults" name="test_02_get_all_members_count" time="0.416" /><testcase classname="backend.tests.test_excel_import.TestExcelImportResults" name="test_03_member_data_structure" time="0.397" /><testcase classname="backend.tests.test_excel_import.TestExcelImportResults" name="test_04_search_reese_hoban" time="0.375"><failure message="AssertionError: Expected balance 45, got 50.0&#10;assert 50.0 == 45">backend/tests/test_excel_import.py:99: in test_04_search_reese_hoban
    assert balance == 45, f"Expected balance 45, got {balance}"
E   AssertionError: Expected balance 45, got 50.0
E   assert 50.0 == 45</failure></testcase><testcase classname="backend.tests.test_excel_import.TestExcelImportResults" name="test_05_search_romano_parisi" time="0.376" /><testcase classname="backend.tests.test_excel_import.TestExcelImportResults" name="test_06_filter_active_members" time="0.381" /><testcase classname="backend.tests.test_excel_import.TestExcelImportResults" name="test_07_dashboard_stats" time="0.403" /><testcase classname="backend.tests.test_excel_import.TestExcelImportResults" name="test_08_get_specific_member_by_id" time="0.412"><failure message="AssertionError: assert 50.0 == 45&#10; +  where 50.0 = &lt;built-in method get of dict object at 0xfb6a9f849200&gt;('current_balance')&#10; +    where &lt;built-in method get of dict object at 0xfb6a9f849200&gt; = {'adjustments': 0.0, 'bonus': 0.0, 'club_id': 'jams-club', 'club_name': 'JAMS Club', ...}.get">backend/tests/test_excel_import.py:163: in test_08_get_specific_member_by_id
    assert member.get("current_balance") == 45
E   AssertionError: assert 50.0 == 45
E    +  where 50.0 = &lt;built-in method get of dict object at 0xfb6a9f849200&gt;('current_balance')
E    +    where &lt;built-in method get of dict object at 0xfb6a9f849200&gt; = {'adjustments': 0.0, 'bonus': 0.0, 'club_id': 'jams-club', 'club_name': 'JAMS Club', ...}.get</failure></testcase><testcase classname="backend.tests.test_excel_import.TestExcelImportResults" name="test_09_leaderboard_shows_reese_first" time="0.373"><failure message="AssertionError: assert 50.0 == 45&#10; +  where 50.0 = &lt;built-in method get of dict object at 0xfb6a9f677e00&gt;('current_balance')&#10; +    where &lt;built-in method get of dict object at 0xfb6a9f677e00&gt; = {'current_balance': 50.0, 'display_name': 'Reese Hoban', 'member_id': 'Mem-05152'}.get">backend/tests/test_excel_import.py:180: in test_09_leaderboard_shows_reese_first
    assert top_member.get("current_balance") == 45
E   AssertionError: assert 50.0 == 45
E    +  where 50.0 = &lt;built-in method get of dict object at 0xfb6a9f677e00&gt;('current_balance')
E    +    where &lt;built-in method get of dict object at 0xfb6a9f677e00&gt; = {'current_balance': 50.0, 'display_name': 'Reese Hoban', 'member_id': 'Mem-05152'}.get</failure></testcase><testcase classname="backend.tests.test_excel_import.TestAuthFlow" name="test_login_success" time="0.356" /><testcase classname="backend.tests.test_excel_import.TestAuthFlow" name="test_login_invalid_credentials" time="0.321" /><testcase classname="backend.tests.test_excel_import.TestAuthFlow" name="test_auth_me_endpoint" time="0.396" /><testcase classname="backend.tests.test_multi_club.TestAuthWithClubs" name="test_auth_me_returns_is_super_admin" time="0.376" /><testcase classname="backend.tests.test_multi_club.TestAuthWithClubs" name="test_auth_me_returns_clubs_array" time="0.405" /><testcase classname="backend.tests.test_multi_club.TestClubsCRUD" name="test_get_clubs_returns_jams_club" time="0.374" /><testcase classname="backend.tests.test_multi_club.TestClubsCRUD" name="test_create_club_admin_only" time="0.450" /><testcase classname="backend.tests.test_multi_club.TestClubsCRUD" name="test_update_club" time="0.469" /><testcase classname="backend.tests.test_multi_club.TestClubsCRUD" name="test_delete_club_fails_with_members" time="0.368" /><testcase classname="backend.tests.test_multi_club.TestMembersWithClub" name="test_get_members_with_club_filter" time="0.398" /><testcase classname="backend.tests.test_multi_club.TestMembersWithClub" name="test_members_have_club_fields" time="0.421" /><testcase classname="backend.tests.test_multi_club.TestDashboardWithClub" name="test_dashboard_stats_with_club_filter" time="0.386" /><testcase classname="backend.tests.test_multi_club.TestDashboardWithClub" name="test_leaderboard_with_club_filter" time="0.383" /><testcase classname="backend.tests.test_multi_club.TestTransactionsWithClub" name="test_create_transaction_with_club_id" time="0.431" /><testcase classname="backend.tests.test_multi_club.TestTransactionsWithClub" name="test_get_transactions_with_club_filter" time="0.362" /></testsuite></testsuites>