<?xml version="1.0" encoding="utf-8"?><testsuites name="pytest tests"><testsuite name="pytest" errors="0" failures="0" skipped="0" tests="15" time="8.370" timestamp="2026-04-05T16:08:25.545549+00:00" hostname="agent-env-87f11ccd-a2f2-4635-b059-c85ea0a78557"><testcase classname="backend.tests.test_transaction_types.TestTransactionTypesAndCategories" name="test_quick_transaction_earn_with_category_and_notes" time="0.628" /><testcase classname="backend.tests.test_transaction_types.TestTransactionTypesAndCategories" name="test_quick_transaction_spend_deducts_balance" time="0.480" /><testcase classname="backend.tests.test_transaction_types.TestTransactionTypesAndCategories" name="test_quick_transaction_bonus_adds_balance" time="0.434" /><testcase classname="backend.tests.test_transaction_types.TestTransactionTypesAndCategories" name="test_quick_transaction_adjustment" time="0.924" /><testcase classname="backend.tests.test_transaction_types.TestTransactionTypesAndCategories" name="test_get_transactions_returns_category_and_notes" time="0.414" /><testcase classname="backend.tests.test_transaction_types.TestTransactionTypesAndCategories" name="test_earn_categories" time="0.612" /><testcase classname="backend.tests.test_transaction_types.TestTransactionTypesAndCategories" name="test_spend_categories" time="0.580" /><testcase classname="backend.tests.test_transaction_types.TestTransactionTypesAndCategories" name="test_bonus_categories" time="0.630" /><testcase classname="backend.tests.test_transaction_types.TestTransactionTypesAndCategories" name="test_adjustment_categories" time="0.545" /><testcase classname="backend.tests.test_transaction_types.TestTransactionTypesAndCategories" name="test_transaction_without_category_uses_default" time="0.446" /><testcase classname="backend.tests.test_transaction_types.TestTransactionTypesAndCategories" name="test_transaction_with_empty_notes" time="0.421" /><testcase classname="backend.tests.test_transaction_types.TestMemberBalanceUpdates" name="test_earn_updates_earned_field" time="0.491" /><testcase classname="backend.tests.test_transaction_types.TestMemberBalanceUpdates" name="test_spend_updates_spent_field" time="0.494" /><testcase classname="backend.tests.test_transaction_types.TestMemberBalanceUpdates" name="test_bonus_updates_bonus_field" time="0.679" /><testcase classname="backend.tests.test_transaction_types.TestMemberBalanceUpdates" name="test_adjustment_updates_adjustments_field" time="0.502" /></testsuite></testsuites>